
  [32m[1mVITE[22m v5.4.21[39m  [2mready in [0m[1m373[22m[2m[0m ms[22m

  [32m➜[39m  [1mLocal[22m:   [36mhttp://localhost:[1m5199[22m/[39m
[2m13:22:06[22m [36m[1m[vite][22m[39m [32mhmr update [39m[2m/src/components/PageProperties.tsx[22m
[2m13:22:12[22m [36m[1m[vite][22m[39m [32mhmr update [39m[2m/src/styles.css[22m
[2m13:22:46[22m [36m[1m[vite][22m[39m [32mhmr update [39m[2m/src/styles.css[22m
[2m13:22:48[22m [36m[1m[vite][22m[39m [32mhmr update [39m[2m/src/styles.css[22m
[2m13:23:05[22m [36m[1m[vite][22m[39m [32mhmr update [39m[2m/src/styles.css[22m
[2m13:23:12[22m [36m[1m[vite][22m[39m [32mhmr update [39m[2m/src/components/PageProperties.tsx[22m
[2m13:23:23[22m [36m[1m[vite][22m[39m [32mhmr update [39m[2m/src/styles.css[22m
[2m13:23:26[22m [36m[1m[vite][22m[39m [32mhmr update [39m[2m/src/styles.css[22m
[2m13:23:37[22m [36m[1m[vite][22m[39m [32mhmr update [39m[2m/src/styles.css[22m
[2m13:23:40[22m [36m[1m[vite][22m[39m [32mhmr update [39m[2m/src/styles.css[22m
[2m13:24:18[22m [36m[1m[vite][22m[39m [32mhmr update [39m[2m/src/styles.css[22m
[2m13:28:52[22m [36m[1m[vite][22m[39m [32mhmr update [39m[2m/src/components/DbTableView.tsx[22m
[2m13:28:58[22m [36m[1m[vite][22m[39m [32mhmr update [39m[2m/src/components/DbTableView.tsx[22m
[2m13:29:28[22m [36m[1m[vite][22m[39m [32mhmr update [39m[2m/src/styles.css[22m
[2m13:34:21[22m [36m[1m[vite][22m[39m [32mhmr update [39m[2m/src/components/DbTableView.tsx[22m
[2m13:34:30[22m [36m[1m[vite][22m[39m [32mhmr update [39m[2m/src/styles.css[22m
[2m13:39:53[22m [36m[1m[vite][22m[39m [32mhmr update [39m[2m/src/components/DatabaseView.tsx[22m
[2m13:40:01[22m [36m[1m[vite][22m[39m [32mhmr update [39m[2m/src/components/DatabaseView.tsx[22m
[2m13:40:10[22m [36m[1m[vite][22m[39m [32mhmr update [39m[2m/src/styles.css[22m
[2m13:41:29[22m [36m[1m[vite][22m[39m [32mhmr update [39m[2m/src/styles.css[22m
[2m13:44:00[22m [36m[1m[vite][22m[39m [32mhmr update [39m[2m/src/styles.css[22m
[2m13:44:19[22m [36m[1m[vite][22m[39m [32mhmr update [39m[2m/src/styles.css[22m
